2024-03-15 11:42:11 - fbf7f7a5-f18d-47ab-a274-8d0c95e98a70 - error: uncaughtException: config.get is not a function
TypeError: config.get is not a function
    at file:///home/ditsdev299/Desktop/node/index.js:18:25
    at ModuleJob.run (internal/modules/esm/module_job.js:152:23)
    at async Loader.import (internal/modules/esm/loader.js:177:24)
    at async Object.loadESM (internal/process/esm_loader.js:68:5) {
  "error": {},
  "stack": "TypeError: config.get is not a function\n    at file:///home/ditsdev299/Desktop/node/index.js:18:25\n    at ModuleJob.run (internal/modules/esm/module_job.js:152:23)\n    at async Loader.import (internal/modules/esm/loader.js:177:24)\n    at async Object.loadESM (internal/process/esm_loader.js:68:5)",
  "exception": true,
  "date": "Fri Mar 15 2024 17:12:11 GMT+0530 (India Standard Time)",
  "process": {
    "pid": 66853,
    "uid": 1000,
    "gid": 1000,
    "cwd": "/home/ditsdev299/Desktop/node",
    "execPath": "/home/ditsdev299/.nvm/versions/node/v14.17.0/bin/node",
    "version": "v14.17.0",
    "argv": [
      "/home/ditsdev299/.nvm/versions/node/v14.17.0/bin/node",
      "/home/ditsdev299/Desktop/node/index.js"
    ],
    "memoryUsage": {
      "rss": 75759616,
      "heapTotal": 53092352,
      "heapUsed": 25276832,
      "external": 20540391,
      "arrayBuffers": 18690998
    }
  },
  "os": {
    "loadavg": [
      0.92,
      0.98,
      0.94
    ],
    "uptime": 88821.35
  },
  "trace": [
    {
      "column": 25,
      "file": "file:///home/ditsdev299/Desktop/node/index.js",
      "function": null,
      "line": 18,
      "method": null,
      "native": false
    },
    {
      "column": 23,
      "file": "internal/modules/esm/module_job.js",
      "function": "ModuleJob.run",
      "line": 152,
      "method": "run",
      "native": false
    },
    {
      "column": 24,
      "file": "internal/modules/esm/loader.js",
      "function": "async Loader.import",
      "line": 177,
      "method": "import",
      "native": false
    },
    {
      "column": 5,
      "file": "internal/process/esm_loader.js",
      "function": "async Object.loadESM",
      "line": 68,
      "method": "loadESM",
      "native": false
    }
  ]
}
2024-03-15 12:02:23 - 49c27b22-a51c-4db5-905d-50ab97f4135f - error: uncaughtException: dbConfig is not defined
ReferenceError: dbConfig is not defined
    at file:///home/ditsdev299/Desktop/node/index.js:18:18
    at ModuleJob.run (internal/modules/esm/module_job.js:152:23)
    at async Loader.import (internal/modules/esm/loader.js:177:24)
    at async Object.loadESM (internal/process/esm_loader.js:68:5) {
  "error": {},
  "stack": "ReferenceError: dbConfig is not defined\n    at file:///home/ditsdev299/Desktop/node/index.js:18:18\n    at ModuleJob.run (internal/modules/esm/module_job.js:152:23)\n    at async Loader.import (internal/modules/esm/loader.js:177:24)\n    at async Object.loadESM (internal/process/esm_loader.js:68:5)",
  "exception": true,
  "date": "Fri Mar 15 2024 17:32:23 GMT+0530 (India Standard Time)",
  "process": {
    "pid": 68289,
    "uid": 1000,
    "gid": 1000,
    "cwd": "/home/ditsdev299/Desktop/node",
    "execPath": "/home/ditsdev299/.nvm/versions/node/v14.17.0/bin/node",
    "version": "v14.17.0",
    "argv": [
      "/home/ditsdev299/.nvm/versions/node/v14.17.0/bin/node",
      "/home/ditsdev299/Desktop/node/index.js"
    ],
    "memoryUsage": {
      "rss": 75751424,
      "heapTotal": 53354496,
      "heapUsed": 25246936,
      "external": 20540391,
      "arrayBuffers": 18690998
    }
  },
  "os": {
    "loadavg": [
      0.89,
      0.92,
      0.91
    ],
    "uptime": 90033.61
  },
  "trace": [
    {
      "column": 18,
      "file": "file:///home/ditsdev299/Desktop/node/index.js",
      "function": null,
      "line": 18,
      "method": null,
      "native": false
    },
    {
      "column": 23,
      "file": "internal/modules/esm/module_job.js",
      "function": "ModuleJob.run",
      "line": 152,
      "method": "run",
      "native": false
    },
    {
      "column": 24,
      "file": "internal/modules/esm/loader.js",
      "function": "async Loader.import",
      "line": 177,
      "method": "import",
      "native": false
    },
    {
      "column": 5,
      "file": "internal/process/esm_loader.js",
      "function": "async Object.loadESM",
      "line": 68,
      "method": "loadESM",
      "native": false
    }
  ]
}
